<?xml version="1.0" encoding="UTF-8"?>
<testsuites name="Listener_TestSuit" time="2.326" tests="1" failures="0" errors="0">
   <testsuite name="Listener_TestSuit" tests="1" failures="0" errors="0" time="2.326" skipped="0" timestamp="18-09-2024T09:27:00" hostname="sokphak.phol - 21639-SOKPHAK.PRASAC.COM.KH" id="Test Suites/Listener_TestSuit">
      <properties>
         <property name="deviceName" value=""/>
         <property name="devicePlatform"/>
         <property name="logFolder" value="D:\\Katalon-Atomate-Testing\\3_Autmate_Testing_with_Jenkins\\Reports\\20240918_092657\\Listener_TestSuit\\20240918_092658"/>
         <property name="logFiles" value="D:\\Katalon-Atomate-Testing\\3_Autmate_Testing_with_Jenkins\\Reports\\20240918_092657\\Listener_TestSuit\\20240918_092658\\execution0.log"/>
         <property name="attachments" value=""/>
         <property name="hostName" value="sokphak.phol - 21639-SOKPHAK.PRASAC.COM.KH"/>
         <property name="hostAddress" value="10.10.20.90"/>
         <property name="os" value="Windows 11 64bit"/>
         <property name="katalonVersion" value="9.6.0.217"/>
      </properties>
      <testcase name="Test Cases/4_Listener_Demo_TestCase" time="2.232" classname="Test Cases/4_Listener_Demo_TestCase" status="PASSED">
         <system-out><![CDATA[18-09-2024T09:27:00 - [TEST_CASE][PASSED] - Test Cases/4_Listener_Demo_TestCase: Test Cases/4_Listener_Demo_TestCase

18-09-2024T09:27:00 - [TEST_STEP][PASSED] - Start listener action : beforeTest: null

18-09-2024T09:27:00 - [TEST_STEP][PASSED] - println("
 Inside beforeTest step 
"): null

18-09-2024T09:27:00 - [TEST_STEP][PASSED] - println("
 I am inside TestCase 
"): null

18-09-2024T09:27:00 - [TEST_STEP][PASSED] - Start listener action : afterTest: null

18-09-2024T09:27:00 - [TEST_STEP][PASSED] - println("
 Inside afterTest step 
"): null]]></system-out>
         <system-err><![CDATA[]]></system-err>
      </testcase>
      <system-out><![CDATA[18-09-2024T09:27:00 - [TEST_SUITE][PASSED] - Listener_TestSuit: Test Cases/4_Listener_Demo_TestCase]]></system-out>
      <system-err><![CDATA[]]></system-err>
   </testsuite>
</testsuites>
